This is pdfTeX, Version 3.14159265-2.6-1.40.20 (TeX Live 2019/W32TeX) (preloaded format=pdflatex 2020.1.18)  29 MAR 2022 20:51
entering extended mode
 restricted \write18 enabled.
 %&-line parsing enabled.
**art_191201_ocenka_centralizovannosti_seti_blokcheiin_i_doveriia__eng.tex
(./art_191201_ocenka_centralizovannosti_seti_blokcheiin_i_doveriia__eng.tex
LaTeX2e <2019-10-01> patch level 3
(c:/texlive/2019/texmf-dist/tex/latex/base/article.cls
Document Class: article 2019/10/25 v1.4k Standard LaTeX document class
(c:/texlive/2019/texmf-dist/tex/latex/base/fleqn.clo
File: fleqn.clo 2016/12/29 v1.2b Standard LaTeX option (flush left equations)
\mathindent=\dimen102
Applying: [2015/01/01] Make \[ robust on input line 50.
LaTeX Info: Redefining \[ on input line 51.
Already applied: [0000/00/00] Make \[ robust on input line 62.
Applying: [2015/01/01] Make \] robust on input line 74.
LaTeX Info: Redefining \] on input line 75.
Already applied: [0000/00/00] Make \] robust on input line 83.
)
(c:/texlive/2019/texmf-dist/tex/latex/base/size12.clo
File: size12.clo 2019/10/25 v1.4k Standard LaTeX file (size option)
)
\c@part=\count80
\c@section=\count81
\c@subsection=\count82
\c@subsubsection=\count83
\c@paragraph=\count84
\c@subparagraph=\count85
\c@figure=\count86
\c@table=\count87
\abovecaptionskip=\skip41
\belowcaptionskip=\skip42
\bibindent=\dimen103
)
(c:/texlive/2019/texmf-dist/tex/generic/babel/babel.sty
Package: babel 2020/01/15 3.38 The Babel package

(c:/texlive/2019/texmf-dist/tex/generic/babel/switch.def
File: switch.def 2020/01/15 3.38 Babel switching mechanism
)
(c:/texlive/2019/texmf-dist/tex/generic/babel-english/english.ldf
Language: english 2017/06/06 v3.3r English support from the babel system

(c:/texlive/2019/texmf-dist/tex/generic/babel/babel.def
File: babel.def 2020/01/15 3.38 Babel common definitions
\babel@savecnt=\count88
\U@D=\dimen104

(c:/texlive/2019/texmf-dist/tex/generic/babel/txtbabel.def)
\bbl@readstream=\read1
\bbl@dirlevel=\count89
)
Package babel Info: \l@canadian = using hyphenrules for english
(babel)             (\language0) on input line 102.
Package babel Info: \l@australian = using hyphenrules for ukenglish
(babel)             (\language21) on input line 105.
Package babel Info: \l@newzealand = using hyphenrules for ukenglish
(babel)             (\language21) on input line 108.
))
(c:/texlive/2019/texmf-dist/tex/latex/base/inputenc.sty
Package: inputenc 2018/08/11 v1.3c Input encoding file
\inpenc@prehook=\toks14
\inpenc@posthook=\toks15
)
(c:/texlive/2019/texmf-dist/tex/latex/tools/indentfirst.sty
Package: indentfirst 1995/11/23 v1.03 Indent first paragraph (DPC)
)
(c:/texlive/2019/texmf-dist/tex/latex/amsmath/amsmath.sty
Package: amsmath 2019/11/16 v2.17d AMS math features
\@mathmargin=\skip43

For additional information on amsmath, use the `?' option.
(c:/texlive/2019/texmf-dist/tex/latex/amsmath/amstext.sty
Package: amstext 2000/06/29 v2.01 AMS text

(c:/texlive/2019/texmf-dist/tex/latex/amsmath/amsgen.sty
File: amsgen.sty 1999/11/30 v2.0 generic functions
\@emptytoks=\toks16
\ex@=\dimen105
))
(c:/texlive/2019/texmf-dist/tex/latex/amsmath/amsbsy.sty
Package: amsbsy 1999/11/29 v1.2d Bold Symbols
\pmbraise@=\dimen106
)
(c:/texlive/2019/texmf-dist/tex/latex/amsmath/amsopn.sty
Package: amsopn 2016/03/08 v2.02 operator names
)
\inf@bad=\count90
LaTeX Info: Redefining \frac on input line 227.
\uproot@=\count91
\leftroot@=\count92
LaTeX Info: Redefining \overline on input line 389.
\classnum@=\count93
\DOTSCASE@=\count94
LaTeX Info: Redefining \ldots on input line 486.
LaTeX Info: Redefining \dots on input line 489.
LaTeX Info: Redefining \cdots on input line 610.
\Mathstrutbox@=\box27
\strutbox@=\box28
\big@size=\dimen107
LaTeX Font Info:    Redeclaring font encoding OML on input line 733.
LaTeX Font Info:    Redeclaring font encoding OMS on input line 734.
\macc@depth=\count95
\c@MaxMatrixCols=\count96
\dotsspace@=\muskip10
\c@parentequation=\count97
\dspbrk@lvl=\count98
\tag@help=\toks17
\row@=\count99
\column@=\count100
\maxfields@=\count101
\andhelp@=\toks18
\eqnshift@=\dimen108
\alignsep@=\dimen109
\tagshift@=\dimen110
\tagwidth@=\dimen111
\totwidth@=\dimen112
\lineht@=\dimen113
\@envbody=\toks19
\multlinegap=\skip44
\multlinetaggap=\skip45
\mathdisplay@stack=\toks20
LaTeX Info: Redefining \[ on input line 2858.
LaTeX Info: Redefining \] on input line 2859.
)
(c:/texlive/2019/texmf-dist/tex/latex/preprint/authblk.sty
Package: authblk 2001/02/27 1.3 (PWD)
\affilsep=\skip46
\@affilsep=\skip47
\c@Maxaffil=\count102
\c@authors=\count103
\c@affil=\count104
)
(c:/texlive/2019/texmf-dist/tex/latex/graphics/graphicx.sty
Package: graphicx 2017/06/01 v1.1a Enhanced LaTeX Graphics (DPC,SPQR)

(c:/texlive/2019/texmf-dist/tex/latex/graphics/keyval.sty
Package: keyval 2014/10/28 v1.15 key=value parser (DPC)
\KV@toks@=\toks21
)
(c:/texlive/2019/texmf-dist/tex/latex/graphics/graphics.sty
Package: graphics 2019/11/01 v1.3d Standard LaTeX Graphics (DPC,SPQR)

(c:/texlive/2019/texmf-dist/tex/latex/graphics/trig.sty
Package: trig 2016/01/03 v1.10 sin cos tan (DPC)
)
(c:/texlive/2019/texmf-dist/tex/latex/graphics-cfg/graphics.cfg
File: graphics.cfg 2016/06/04 v1.11 sample graphics configuration
)
Package graphics Info: Driver file: pdftex.def on input line 105.

(c:/texlive/2019/texmf-dist/tex/latex/graphics-def/pdftex.def
File: pdftex.def 2018/01/08 v1.0l Graphics/color driver for pdftex
))
\Gin@req@height=\dimen114
\Gin@req@width=\dimen115
)
(c:/texlive/2019/texmf-dist/tex/latex/xcolor/xcolor.sty
Package: xcolor 2016/05/11 v2.12 LaTeX color extensions (UK)

(c:/texlive/2019/texmf-dist/tex/latex/graphics-cfg/color.cfg
File: color.cfg 2016/01/02 v1.6 sample color configuration
)
Package xcolor Info: Driver file: pdftex.def on input line 225.
Package xcolor Info: Model `cmy' substituted by `cmy0' on input line 1348.
Package xcolor Info: Model `hsb' substituted by `rgb' on input line 1352.
Package xcolor Info: Model `RGB' extended on input line 1364.
Package xcolor Info: Model `HTML' substituted by `rgb' on input line 1366.
Package xcolor Info: Model `Hsb' substituted by `hsb' on input line 1367.
Package xcolor Info: Model `tHsb' substituted by `hsb' on input line 1368.
Package xcolor Info: Model `HSB' substituted by `hsb' on input line 1369.
Package xcolor Info: Model `Gray' substituted by `gray' on input line 1370.
Package xcolor Info: Model `wave' substituted by `hsb' on input line 1371.
)
(c:/texlive/2019/texmf-dist/tex/latex/geometry/geometry.sty
Package: geometry 2020/01/02 v5.9 Page Geometry

(c:/texlive/2019/texmf-dist/tex/generic/iftex/ifvtex.sty
Package: ifvtex 2019/10/25 v1.7 ifvtex legacy package. Use iftex instead.

(c:/texlive/2019/texmf-dist/tex/generic/iftex/iftex.sty
Package: iftex 2019/11/07 v1.0c TeX engine tests
))
\Gm@cnth=\count105
\Gm@cntv=\count106
\c@Gm@tempcnt=\count107
\Gm@bindingoffset=\dimen116
\Gm@wd@mp=\dimen117
\Gm@odd@mp=\dimen118
\Gm@even@mp=\dimen119
\Gm@layoutwidth=\dimen120
\Gm@layoutheight=\dimen121
\Gm@layouthoffset=\dimen122
\Gm@layoutvoffset=\dimen123
\Gm@dimlist=\toks22
)
(./art_191201_ocenka_centralizovannosti_seti_blokcheiin_i_doveriia__eng.aux)
\openout1 = `art_191201_ocenka_centralizovannosti_seti_blokcheiin_i_doveriia__e
ng.aux'.

LaTeX Font Info:    Checking defaults for OML/cmm/m/it on input line 33.
LaTeX Font Info:    ... okay on input line 33.
LaTeX Font Info:    Checking defaults for T1/cmr/m/n on input line 33.
LaTeX Font Info:    ... okay on input line 33.
LaTeX Font Info:    Checking defaults for OT1/cmr/m/n on input line 33.
LaTeX Font Info:    ... okay on input line 33.
LaTeX Font Info:    Checking defaults for OMS/cmsy/m/n on input line 33.
LaTeX Font Info:    ... okay on input line 33.
LaTeX Font Info:    Checking defaults for OMX/cmex/m/n on input line 33.
LaTeX Font Info:    ... okay on input line 33.
LaTeX Font Info:    Checking defaults for U/cmr/m/n on input line 33.
LaTeX Font Info:    ... okay on input line 33.

(c:/texlive/2019/texmf-dist/tex/context/base/mkii/supp-pdf.mkii
[Loading MPS to PDF converter (version 2006.09.02).]
\scratchcounter=\count108
\scratchdimen=\dimen124
\scratchbox=\box29
\nofMPsegments=\count109
\nofMParguments=\count110
\everyMPshowfont=\toks23
\MPscratchCnt=\count111
\MPscratchDim=\dimen125
\MPnumerator=\count112
\makeMPintoPDFobject=\count113
\everyMPtoPDFconversion=\toks24
) (c:/texlive/2019/texmf-dist/tex/latex/epstopdf-pkg/epstopdf-base.sty
Package: epstopdf-base 2019-12-09 v2.10 Base part for package epstopdf
Package epstopdf-base Info: Redefining graphics rule for `.eps' on input line 4
85.

(c:/texlive/2019/texmf-dist/tex/latex/latexconfig/epstopdf-sys.cfg
File: epstopdf-sys.cfg 2010/07/13 v1.3 Configuration of (r)epstopdf for TeX Liv
e
))
*geometry* driver: auto-detecting
*geometry* detected driver: pdftex
*geometry* verbose mode - [ preamble ] result:
* driver: pdftex
* paper: a4paper
* layout: <same size as paper>
* layoutoffset:(h,v)=(0.0pt,0.0pt)
* modes: 
* h-part:(L,W,R)=(56.9055pt, 483.69687pt, 56.9055pt)
* v-part:(T,H,B)=(56.9055pt, 731.23584pt, 56.9055pt)
* \paperwidth=597.50787pt
* \paperheight=845.04684pt
* \textwidth=483.69687pt
* \textheight=731.23584pt
* \oddsidemargin=-15.36449pt
* \evensidemargin=-15.36449pt
* \topmargin=-52.36449pt
* \headheight=12.0pt
* \headsep=25.0pt
* \topskip=12.0pt
* \footskip=30.0pt
* \marginparwidth=35.0pt
* \marginparsep=10.0pt
* \columnsep=10.0pt
* \skip\footins=10.8pt plus 4.0pt minus 2.0pt
* \hoffset=0.0pt
* \voffset=0.0pt
* \mag=1000
* \@twocolumnfalse
* \@twosidefalse
* \@mparswitchfalse
* \@reversemarginfalse
* (1in=72.27pt=25.4mm, 1cm=28.453pt)

LaTeX Font Info:    Trying to load font information for OMS+cmr on input line 3
7.
(c:/texlive/2019/texmf-dist/tex/latex/base/omscmr.fd
File: omscmr.fd 2014/09/29 v2.5h Standard LaTeX font definitions
)
LaTeX Font Info:    Font shape `OMS/cmr/m/n' in size <10> not available
(Font)              Font shape `OMS/cmsy/m/n' tried instead on input line 37.
LaTeX Font Info:    Font shape `OMS/cmr/m/n' in size <7> not available
(Font)              Font shape `OMS/cmsy/m/n' tried instead on input line 37.

Underfull \hbox (badness 7981) in paragraph at lines 37--37
\OT1/cmr/m/it/10 Email ad-dresses: \OT1/cmr/bx/n/10 shu-milovyy@gmail.com \OT1/
cmr/m/n/10 (Yuriy Shu-milov), \OT1/cmr/bx/n/10 lovvi@mail.ru \OT1/cmr/m/n/10 (A
lexey Bardin),
 []

[1

{c:/texlive/2019/texmf-var/fonts/map/pdftex/updmap/pdftex.map}] [2] [3]
Overfull \hbox (10.35219pt too wide) in paragraph at lines 87--87
[]\OT1/cmr/bx/n/17.28 Evaluation of the cen-tral-iza-tion of the blockchain
 []

[4]

Package amsmath Warning: Foreign command \over;
(amsmath)                \frac or \genfrac should be used instead
(amsmath)                 on input line 91.

[5] [6] [7] [8] (./fig/ex2.pdf_tex
<fig/ex2.pdf, id=45, page=1, 370.99057pt x 200.27403pt>
File: fig/ex2.pdf Graphic file (type pdf)
<use fig/ex2.pdf, page 1>
Package pdftex.def Info: fig/ex2.pdf , page1 used on input line 56.
(pdftex.def)             Requested size: 370.99057pt x 200.28268pt.
<fig/ex2.pdf, id=46, page=2, 370.99057pt x 200.27403pt>
File: fig/ex2.pdf Graphic file (type pdf)
<use fig/ex2.pdf, page 2>
Package pdftex.def Info: fig/ex2.pdf , page2 used on input line 61.
(pdftex.def)             Requested size: 370.99057pt x 200.28268pt.
<fig/ex2.pdf, id=47, page=3, 370.99057pt x 200.27403pt>
File: fig/ex2.pdf Graphic file (type pdf)
<use fig/ex2.pdf, page 3>
Package pdftex.def Info: fig/ex2.pdf , page3 used on input line 63.
(pdftex.def)             Requested size: 370.99057pt x 200.28268pt.
<fig/ex2.pdf, id=48, page=4, 370.99057pt x 200.27403pt>
File: fig/ex2.pdf Graphic file (type pdf)
<use fig/ex2.pdf, page 4>
Package pdftex.def Info: fig/ex2.pdf , page4 used on input line 66.
(pdftex.def)             Requested size: 370.99057pt x 200.28268pt.
) [9 <./fig/ex2.pdf> <./fig/ex2.pdf

pdfTeX warning: pdflatex.exe (file ./fig/ex2.pdf): PDF inclusion: multiple pdfs
 with page group included in a single page
> <./fig/ex2.pdf

pdfTeX warning: pdflatex.exe (file ./fig/ex2.pdf): PDF inclusion: multiple pdfs
 with page group included in a single page
> <./fig/ex2.pdf

pdfTeX warning: pdflatex.exe (file ./fig/ex2.pdf): PDF inclusion: multiple pdfs
 with page group included in a single page
>] [10] [11] [12] [13] [14] [15]
Underfull \hbox (badness 3250) in paragraph at lines 391--395
[]\OT1/cmr/m/n/10.95 BitFury Group (2015.09.13). Proof of Stake ver-sus Proof o
f Work. Avail-
 []

[16]
Underfull \hbox (badness 1189) in paragraph at lines 440--446
[]\OT1/cmr/m/n/10.95 Applebaum, Benny. Pseu-do-ran-dom gen-er-a-tors with long 
stretch and low lo-
 []


Underfull \hbox (badness 1546) in paragraph at lines 440--446
\OT1/cmr/m/n/10.95 cal-ity from ran-dom lo-cal one-way func-tions. \OT1/cmr/m/i
t/10.95 Proc. 44-th An-nual ACM Sym-
 []


Underfull \hbox (badness 1728) in paragraph at lines 440--446
\OT1/cmr/m/it/10.95 po-sium on The-ory of Com-put-ing\OT1/cmr/m/n/10.95 , New Y
ork, ACM, 2012. pp.805-816. DOI:
 []


Underfull \hbox (badness 3769) in paragraph at lines 448--453
[]\OT1/cmr/m/n/10.95 Lewis, T.G., Payne, W.H. Gen-er-al-ized feed-back shift re
g-is-ter pseu-do-ran-
 []


Underfull \hbox (badness 4108) in paragraph at lines 448--453
\OT1/cmr/m/n/10.95 dom num-ber al-go-rithm. // \OT1/cmr/m/it/10.95 J. ACM\OT1/c
mr/m/n/10.95 . 1973. Vol. 20 3, pp.456-486. DOI:
 []


Underfull \hbox (badness 10000) in paragraph at lines 467--470
[]\OT1/cmr/m/n/10.95 Consensus Al-go-rithm for Big-ger Blockchain Net-works. Av
ail-able at:
 []


Underfull \hbox (badness 2856) in paragraph at lines 472--475
\OT1/cmr/m/n/10.95 Big-ger Blockchain Net-works. Avail-able at: https://blog.go
ldmint.io/goldmint-
 []


Underfull \hbox (badness 10000) in paragraph at lines 472--475
\OT1/cmr/m/n/10.95 blockchain-solutions-consensus-algorithm-designed-by-sumus-t
eam-for-bigger-
 []


Underfull \hbox (badness 10000) in paragraph at lines 497--500
[]\OT1/cmr/m/n/10.95 National In-sti-tute of Stan-dards and Tech-nol-ogy. SHA-3
 Stan-dard:
 []


Underfull \hbox (badness 10000) in paragraph at lines 497--500
\OT1/cmr/m/n/10.95 Permutation-Based Hash and Extendable-Output Func-tions. Ava
il-able at:
 []

[17] [18]
(./art_191201_ocenka_centralizovannosti_seti_blokcheiin_i_doveriia__eng.aux) ) 
Here is how much of TeX's memory you used:
 3443 strings out of 492162
 44742 string characters out of 6129062
 139416 words of memory out of 5000000
 7774 multiletter control sequences out of 15000+600000
 12341 words of font info for 44 fonts, out of 8000000 for 9000
 1141 hyphenation exceptions out of 8191
 30i,17n,37p,1040b,397s stack positions out of 5000i,500n,10000p,200000b,80000s
<
c:/texlive/2019/texmf-dist/fonts/type1/public/amsfonts/cm/cmbx10.pfb><c:/texliv
e/2019/texmf-dist/fonts/type1/public/amsfonts/cm/cmbx12.pfb><c:/texlive/2019/te
xmf-dist/fonts/type1/public/amsfonts/cm/cmex10.pfb><c:/texlive/2019/texmf-dist/
fonts/type1/public/amsfonts/cm/cmmi10.pfb><c:/texlive/2019/texmf-dist/fonts/typ
e1/public/amsfonts/cm/cmmi12.pfb><c:/texlive/2019/texmf-dist/fonts/type1/public
/amsfonts/cm/cmmi6.pfb><c:/texlive/2019/texmf-dist/fonts/type1/public/amsfonts/
cm/cmmi8.pfb><c:/texlive/2019/texmf-dist/fonts/type1/public/amsfonts/cm/cmr10.p
fb><c:/texlive/2019/texmf-dist/fonts/type1/public/amsfonts/cm/cmr12.pfb><c:/tex
live/2019/texmf-dist/fonts/type1/public/amsfonts/cm/cmr17.pfb><c:/texlive/2019/
texmf-dist/fonts/type1/public/amsfonts/cm/cmr6.pfb><c:/texlive/2019/texmf-dist/
fonts/type1/public/amsfonts/cm/cmr8.pfb><c:/texlive/2019/texmf-dist/fonts/type1
/public/amsfonts/cm/cmsy10.pfb><c:/texlive/2019/texmf-dist/fonts/type1/public/a
msfonts/cm/cmsy6.pfb><c:/texlive/2019/texmf-dist/fonts/type1/public/amsfonts/cm
/cmsy7.pfb><c:/texlive/2019/texmf-dist/fonts/type1/public/amsfonts/cm/cmsy8.pfb
><c:/texlive/2019/texmf-dist/fonts/type1/public/amsfonts/cm/cmti10.pfb><c:/texl
ive/2019/texmf-dist/fonts/type1/public/amsfonts/cm/cmti12.pfb>
Output written on art_191201_ocenka_centralizovannosti_seti_blokcheiin_i_doveri
ia__eng.pdf (18 pages, 268931 bytes).
PDF statistics:
 140 PDF objects out of 1000 (max. 8388607)
 97 compressed objects within 1 object stream
 0 named destinations out of 1000 (max. 500000)
 21 words of extra memory for PDF output out of 10000 (max. 10000000)

